<?xml version="1.0" encoding="UTF-8"?>
<!-- Generated by org.testng.reporters.JUnitReportReporter -->
<testsuite hostname="HbpSoft" failures="0" tests="3" name="com.test.Code4humanity.Code4humanity_apis" time="3.255" errors="0" timestamp="2024-04-04T15:57:03 IST" skipped="0">
  <testcase classname="com.test.Code4humanity.Code4humanity_apis" name="analyticsActivities" time="1.026"/>
  <system-out/>
  <testcase classname="com.test.Code4humanity.Code4humanity_apis" name="Jobdetails" time="2.159"/>
  <system-out/>
  <testcase classname="com.test.Code4humanity.Code4humanity_apis" name="code" time="0.070"/>
  <system-out/>
</testsuite> <!-- com.test.Code4humanity.Code4humanity_apis -->
