<?xml version="1.0" encoding="UTF-8"?>
<!-- Generated by org.testng.reporters.JUnitReportReporter -->
<testsuite hostname="HbpSoft" failures="0" tests="1" name="com.test.Code4humanity.code4humanity_iipsrv" time="2.958" errors="0" timestamp="2024-04-17T16:08:39 IST" skipped="0">
  <testcase classname="com.test.Code4humanity.code4humanity_iipsrv" name="code4humanity_iipsrv" time="2.958"/>
  <system-out/>
</testsuite> <!-- com.test.Code4humanity.code4humanity_iipsrv -->
