<?xml version="1.0" encoding="UTF-8"?>
<!-- Generated by org.testng.reporters.JUnitReportReporter -->
<testsuite hostname="HbpSoft" failures="0" tests="9" name="com.test.Code4humanity.Competition" time="76.135" errors="0" timestamp="2024-03-12T10:37:56 IST" skipped="0">
  <testcase classname="com.test.Code4humanity.Competition" name="Launch" time="2.154"/>
  <system-out/>
  <testcase classname="com.test.Code4humanity.Competition" name="Login" time="19.815"/>
  <system-out/>
  <testcase classname="com.test.Code4humanity.Competition" name="Hostcompetition" time="8.694"/>
  <system-out/>
  <testcase classname="com.test.Code4humanity.Competition" name="competionName" time="4.539"/>
  <system-out/>
  <testcase classname="com.test.Code4humanity.Competition" name="Description" time="4.567"/>
  <system-out/>
  <testcase classname="com.test.Code4humanity.Competition" name="Pipeline" time="9.003"/>
  <system-out/>
  <testcase classname="com.test.Code4humanity.Competition" name="uploadfile" time="3.444"/>
  <system-out/>
  <testcase classname="com.test.Code4humanity.Competition" name="save" time="7.397"/>
  <system-out/>
  <testcase classname="com.test.Code4humanity.Competition" name="deleteDataset" time="16.522"/>
  <system-out/>
</testsuite> <!-- com.test.Code4humanity.Competition -->
