<?xml version="1.0" encoding="UTF-8"?>
<!-- Generated by org.testng.reporters.JUnitReportReporter -->
<testsuite hostname="HbpSoft" failures="0" tests="9" name="com.test.Code4humanity.Sanity_Code4humanity" time="47.865" errors="0" timestamp="2024-03-05T09:27:15 IST" skipped="0">
  <testcase classname="com.test.Code4humanity.Sanity_Code4humanity" name="Launch" time="1.813"/>
  <system-out/>
  <testcase classname="com.test.Code4humanity.Sanity_Code4humanity" name="Home" time="0.016"/>
  <system-out/>
  <testcase classname="com.test.Code4humanity.Sanity_Code4humanity" name="Login" time="15.150"/>
  <system-out/>
  <testcase classname="com.test.Code4humanity.Sanity_Code4humanity" name="Team" time="5.139"/>
  <system-out/>
  <testcase classname="com.test.Code4humanity.Sanity_Code4humanity" name="Dataset" time="5.159"/>
  <system-out/>
  <testcase classname="com.test.Code4humanity.Sanity_Code4humanity" name="Models" time="5.127"/>
  <system-out/>
  <testcase classname="com.test.Code4humanity.Sanity_Code4humanity" name="Code" time="5.142"/>
  <system-out/>
  <testcase classname="com.test.Code4humanity.Sanity_Code4humanity" name="Jobs" time="5.121"/>
  <system-out/>
  <testcase classname="com.test.Code4humanity.Sanity_Code4humanity" name="competition" time="5.198"/>
  <system-out/>
</testsuite> <!-- com.test.Code4humanity.Sanity_Code4humanity -->
